0 info it worked if it ends with ok
1 verbose cli [ '/usr/bin/nodejs',
1 verbose cli   '/usr/bin/npm',
1 verbose cli   'install',
1 verbose cli   'vue-router',
1 verbose cli   '—save' ]
2 info using npm@3.5.2
3 info using node@v4.2.6
4 silly loadCurrentTree Starting
5 silly install loadCurrentTree
6 silly install readLocalPackageData
7 silly fetchPackageMetaData vue-router@^3.0.1
8 silly fetchPackageMetaData —save
9 silly fetchNamedPackageData vue-router
10 silly mapToRegistry name vue-router
11 silly mapToRegistry using default registry
12 silly mapToRegistry registry https://registry.npmjs.org/
13 silly mapToRegistry uri https://registry.npmjs.org/vue-router
14 silly fetchOtherPackageData —save
15 silly cache add args [ '—save', null ]
16 verbose cache add spec —save
17 silly cache add parsed spec Result {
17 silly cache add   raw: '—save',
17 silly cache add   scope: null,
17 silly cache add   name: null,
17 silly cache add   rawSpec: '—save',
17 silly cache add   spec: '/home/artem/cryptozen_frontend/—save',
17 silly cache add   type: 'local' }
18 error addLocal Could not install /home/artem/cryptozen_frontend/—save
19 silly fetchPackageMetaData Error: ENOENT: no such file or directory, open '/home/artem/cryptozen_frontend/—save'
19 silly fetchPackageMetaData     at Error (native)
19 silly fetchPackageMetaData  error for —save { [Error: ENOENT: no such file or directory, open '/home/artem/cryptozen_frontend/—save']
19 silly fetchPackageMetaData   errno: -2,
19 silly fetchPackageMetaData   code: 'ENOENT',
19 silly fetchPackageMetaData   syscall: 'open',
19 silly fetchPackageMetaData   path: '/home/artem/cryptozen_frontend/—save' }
20 verbose request uri https://registry.npmjs.org/vue-router
21 verbose request no auth needed
22 info attempt registry request try #1 at 1:14:49 PM
23 verbose request id fbf23955c4b88f9e
24 verbose etag W/"28a126407aa62d3ccff8ae547b02db02"
25 verbose lastModified Tue, 24 Jul 2018 22:42:50 GMT
26 http request GET https://registry.npmjs.org/vue-router
27 http 304 https://registry.npmjs.org/vue-router
28 verbose headers { date: 'Wed, 15 Aug 2018 11:14:49 GMT',
28 verbose headers   connection: 'keep-alive',
28 verbose headers   'set-cookie': [ '__cfduid=d9ae6c95413b422c0a7e8fb31af7b696f1534331689; expires=Thu, 15-Aug-19 11:14:49 GMT; path=/; domain=.registry.npmjs.org; HttpOnly' ],
28 verbose headers   'cache-control': 'max-age=300',
28 verbose headers   'cf-cache-status': 'HIT',
28 verbose headers   'cf-ray': '44ab3d636a1e2d65-TXL',
28 verbose headers   etag: '"28a126407aa62d3ccff8ae547b02db02"',
28 verbose headers   'expect-ct': 'max-age=604800, report-uri="https://report-uri.cloudflare.com/cdn-cgi/beacon/expect-ct"',
28 verbose headers   'last-modified': 'Tue, 24 Jul 2018 22:42:50 GMT',
28 verbose headers   vary: 'accept-encoding, accept',
28 verbose headers   server: 'cloudflare' }
29 silly get cb [ 304,
29 silly get   { date: 'Wed, 15 Aug 2018 11:14:49 GMT',
29 silly get     connection: 'keep-alive',
29 silly get     'set-cookie': [ '__cfduid=d9ae6c95413b422c0a7e8fb31af7b696f1534331689; expires=Thu, 15-Aug-19 11:14:49 GMT; path=/; domain=.registry.npmjs.org; HttpOnly' ],
29 silly get     'cache-control': 'max-age=300',
29 silly get     'cf-cache-status': 'HIT',
29 silly get     'cf-ray': '44ab3d636a1e2d65-TXL',
29 silly get     etag: '"28a126407aa62d3ccff8ae547b02db02"',
29 silly get     'expect-ct': 'max-age=604800, report-uri="https://report-uri.cloudflare.com/cdn-cgi/beacon/expect-ct"',
29 silly get     'last-modified': 'Tue, 24 Jul 2018 22:42:50 GMT',
29 silly get     vary: 'accept-encoding, accept',
29 silly get     server: 'cloudflare' } ]
30 verbose etag https://registry.npmjs.org/vue-router from cache
31 verbose get saving vue-router to /home/artem/.npm/registry.npmjs.org/vue-router/.cache.json
32 silly rollbackFailedOptional Starting
33 silly rollbackFailedOptional Finishing
34 silly runTopLevelLifecycles Starting
35 silly runTopLevelLifecycles Finishing
36 silly install printInstalled
37 verbose stack Error: ENOENT: no such file or directory, open '/home/artem/cryptozen_frontend/—save'
37 verbose stack     at Error (native)
38 verbose cwd /home/artem/cryptozen_frontend
39 error Linux 4.4.0-131-generic
40 error argv "/usr/bin/nodejs" "/usr/bin/npm" "install" "vue-router" "—save"
41 error node v4.2.6
42 error npm  v3.5.2
43 error path /home/artem/cryptozen_frontend/—save
44 error code ENOENT
45 error errno -2
46 error syscall open
47 error enoent ENOENT: no such file or directory, open '/home/artem/cryptozen_frontend/—save'
48 error enoent ENOENT: no such file or directory, open '/home/artem/cryptozen_frontend/—save'
48 error enoent This is most likely not a problem with npm itself
48 error enoent and is related to npm not being able to find a file.
49 verbose exit [ -2, true ]
